[2024-07-23T21:37:12.024] [DEBUG] debug-file - env: nodejsVersion=v18.20.1
[2024-07-23T21:37:12.221] [DEBUG] debug-file - Hvigor init with startParameters:{
  hvigorfileTypeCheck: false,
  parallelExecution: true,
  incrementalExecution: true,
  printStackTrace: false,
  daemon: false,
  analyze: 0,
  logLevel: Level { level: 20000, levelStr: 'INFO', colour: 'green' }
}
[2024-07-23T21:37:12.227] [DEBUG] debug-file - hvigorfile, resolving /Users/zhuyn/Documents/DevEcoStudioProjects/harmonyApps/MyApplication2/Login/hvigorfile.ts
[2024-07-23T21:37:12.918] [DEBUG] debug-file - Start initialize project's product build option map with build mode debug.
[2024-07-23T21:37:12.922] [DEBUG] debug-file - Local scan or download HarmonyOS sdk components toolchains,ets,js,native
[2024-07-23T21:37:12.923] [DEBUG] debug-file - Local scan or download hmscore sdk components toolchains,ets,native
[2024-07-23T21:37:12.814] [DEBUG] debug-file - hvigorfile, require result:  { appTasks: [Getter] }
[2024-07-23T21:37:12.927] [DEBUG] debug-file - Sdk init in 7 ms 
[2024-07-23T21:37:12.919] [DEBUG] debug-file - Product 'default' using build option: {
  "debuggable": true
} in this build.
[2024-07-23T21:37:12.934] [DEBUG] debug-file - Project task initialization takes 7 ms 
[2024-07-23T21:37:12.936] [DEBUG] debug-file - hvigorfile, resolving /Users/zhuyn/Documents/DevEcoStudioProjects/harmonyApps/MyApplication2/Login/entry/hvigorfile.ts
[2024-07-23T21:37:12.943] [DEBUG] debug-file - Start initialize module-target build option map, moduleName=entry, buildMode=debug
[2024-07-23T21:37:12.946] [DEBUG] debug-file - Module entry task initialization takes 2 ms 
[2024-07-23T21:37:12.947] [DEBUG] debug-file - project has submodules:entry
[2024-07-23T21:37:12.953] [DEBUG] debug-file - Executing task :entry:clean
[2024-07-23T21:37:12.954] [DEBUG] debug-file - entry : clean cost memory 0.21863555908203125
[2024-07-23T21:37:12.024] [DEBUG] debug-file - env: hvigor-config.json5 content = { modelVersion: '5.0.0', dependencies: {} }
[2024-07-23T21:37:12.222] [DEBUG] debug-file - Since current hvigor version 5.2.3 differs from last hvigor version 
      undefined, delete file-cache.json and task-cache.json.
[2024-07-23T21:37:12.965] [DEBUG] debug-file - Current worker pool is stopped or closed.
[2024-07-23T21:37:12.918] [DEBUG] debug-file - Picking option from product 'default' with build mode 'debug'.
[2024-07-23T21:37:12.814] [DEBUG] debug-file - hvigorfile, binding system plugins { appTasks: [Getter] }
[2024-07-23T21:37:12.920] [DEBUG] debug-file - No signingConfig found, initRemoteHspCache failed.
[2024-07-23T21:37:12.934] [DEBUG] debug-file - hvigorfile, resolve finished /Users/zhuyn/Documents/DevEcoStudioProjects/harmonyApps/MyApplication2/Login/hvigorfile.ts
[2024-07-23T21:37:12.939] [DEBUG] debug-file - hvigorfile, require result:  { hapTasks: [Getter] }
[2024-07-23T21:37:12.943] [DEBUG] debug-file - Target 'default' config: {}
[2024-07-23T21:37:12.946] [DEBUG] debug-file - hvigorfile, resolve finished /Users/zhuyn/Documents/DevEcoStudioProjects/harmonyApps/MyApplication2/Login/entry/hvigorfile.ts
[2024-07-23T21:37:12.947] [DEBUG] debug-file - start to load updatedOhPackageInfo to the disk
[2024-07-23T21:37:12.953] [DEBUG] debug-file - clean: Worker pool is inactive.
[2024-07-23T21:37:12.954] [DEBUG] debug-file - runTaskFromQueue task cost before running: 738 ms 
[2024-07-23T21:37:12.025] [DEBUG] debug-file - env: daemon=false
[2024-07-23T21:37:12.222] [DEBUG] debug-file - Cache service initialization finished in 1 ms 
[2024-07-23T21:37:12.969] [DEBUG] debug-file - Current worker pool is terminated.
[2024-07-23T21:37:12.918] [DEBUG] debug-file - Product 'default' build option: {}
[2024-07-23T21:37:12.939] [DEBUG] debug-file - hvigorfile, binding system plugins { hapTasks: [Getter] }
[2024-07-23T21:37:12.944] [DEBUG] debug-file - Target 'ohosTest' config: {}
[2024-07-23T21:37:12.948] [DEBUG] debug-file - load to the disk finished
[2024-07-23T21:37:12.955] [INFO] debug-file - Finished :entry:clean... after 2 ms 
[2024-07-23T21:37:12.025] [DEBUG] debug-file - no-daemon, use the parent process.execArgv --max-old-space-size=8192,--expose-gc
[2024-07-23T21:37:12.918] [DEBUG] debug-file - End initialize project's product build option map with build mode 'debug'.
[2024-07-23T21:37:12.944] [DEBUG] debug-file - Module 'entry' target 'default' build option: {
  "debuggable": true,
  "copyFrom": "default",
  "externalNativeOptions": {
    "path": "./src/main/cpp/CMakeLists.txt",
    "arguments": "",
    "cppFlags": ""
  }
}
[2024-07-23T21:37:12.949] [DEBUG] debug-file - Module Login Collected Dependency: 
[2024-07-23T21:37:12.955] [DEBUG] debug-file - Executing task ::clean
[2024-07-23T21:37:12.944] [DEBUG] debug-file - Module 'entry' target 'ohosTest' build option: {
  "debuggable": true,
  "externalNativeOptions": {
    "path": "./src/main/cpp/CMakeLists.txt",
    "arguments": "",
    "cppFlags": ""
  }
}
[2024-07-23T21:37:12.949] [DEBUG] debug-file - Module Login's total dependency: 0
[2024-07-23T21:37:12.955] [DEBUG] debug-file - clean: Worker pool is inactive.
[2024-07-23T21:37:12.944] [DEBUG] debug-file - End initialize module-target build option map, moduleName=entry
[2024-07-23T21:37:12.949] [DEBUG] debug-file - Module entry Collected Dependency: 
[2024-07-23T21:37:12.955] [DEBUG] debug-file - Login : clean cost memory 0.024688720703125
[2024-07-23T21:37:12.944] [DEBUG] debug-file - Module 'entry' target 'default' using build option: {
  "debuggable": true,
  "copyFrom": "default",
  "externalNativeOptions": {
    "path": "./src/main/cpp/CMakeLists.txt",
    "arguments": "",
    "cppFlags": ""
  }
} in this build.
[2024-07-23T21:37:12.949] [DEBUG] debug-file - Module entry's total dependency: 0
[2024-07-23T21:37:12.955] [DEBUG] debug-file - runTaskFromQueue task cost before running: 739 ms 
[2024-07-23T21:37:12.951] [DEBUG] debug-file - Configuration phase cost:728 ms 
[2024-07-23T21:37:12.955] [INFO] debug-file - Finished ::clean... after 1 ms 
[2024-07-23T21:37:12.952] [DEBUG] debug-file - Configuration task cost before running: 736 ms 
[2024-07-23T21:37:12.955] [DEBUG] debug-file - Executing task :entry:init
[2024-07-23T21:37:12.955] [DEBUG] debug-file - entry : init cost memory 0.009796142578125
[2024-07-23T21:37:12.955] [DEBUG] debug-file - runTaskFromQueue task cost before running: 739 ms 
[2024-07-23T21:37:12.955] [INFO] debug-file - Finished :entry:init... after 1 ms 
[2024-07-23T21:37:12.955] [DEBUG] debug-file - Executing task ::init
[2024-07-23T21:37:12.955] [DEBUG] debug-file - Login : init cost memory 0.0084991455078125
[2024-07-23T21:37:12.956] [DEBUG] debug-file - runTaskFromQueue task cost before running: 739 ms 
[2024-07-23T21:37:12.956] [INFO] debug-file - Finished ::init... after 1 ms 
[2024-07-23T21:37:12.957] [DEBUG] debug-file - Module 'entry' target 'default' using build option: {
  "debuggable": true,
  "copyFrom": "default",
  "externalNativeOptions": {
    "path": "./src/main/cpp/CMakeLists.txt",
    "arguments": "",
    "cppFlags": ""
  }
} in this build.
[2024-07-23T21:37:12.958] [DEBUG] debug-file - Module 'entry' target 'ohosTest' using build option: {
  "debuggable": true,
  "externalNativeOptions": {
    "path": "./src/main/cpp/CMakeLists.txt",
    "arguments": "",
    "cppFlags": ""
  }
} in this build.
[2024-07-23T21:37:12.959] [DEBUG] debug-file - hvigor start cli arguments:{
  prop: [ 'product=default' ],
  sync: true,
  parallel: true,
  incremental: true,
  daemon: false,
  _: [ '--analyze=normal' ]
}
[2024-07-23T21:37:12.962] [DEBUG] debug-file - Since there is no instance or instance is terminated, create a new worker pool.
[2024-07-23T21:37:12.963] [DEBUG] debug-file - Worker pool is initialized with config:  {
  minPoolNum: 2,
  maxPoolNum: undefined,
  maxCoreSize: undefined,
  cacheCapacity: undefined,
  cacheTtl: undefined
}
[2024-07-23T21:37:13.350] [DEBUG] debug-file - env: nodejsVersion=v18.20.1
[2024-07-23T21:37:13.366] [DEBUG] debug-file - env: daemon=true
[2024-07-23T21:37:13.351] [DEBUG] debug-file - env: hvigor-config.json5 content = { modelVersion: '5.0.0', dependencies: {} }
[2024-07-23T21:37:13.579] [DEBUG] debug-file - java daemon tryConnect failed Error: connect ECONNREFUSED ::1:45050
[2024-07-23T21:37:13.583] [DEBUG] debug-file - hvigor start cli arguments:{
  prop: [ 'module=entry', 'product=default' ],
  mode: 'module',
  parallel: true,
  incremental: true,
  daemon: true,
  _: [ 'compileNative', '--analyze=normal' ]
}
[2024-07-23T21:37:13.581] [DEBUG] debug-file - java daemon started at port 45050 pid 47308
[2024-07-23T21:37:13.594] [DEBUG] debug-file - session manager: set active socket. socketId=ZlGPFLFJx_scCfUUAAAB
[2024-07-23T21:37:13.864] [DEBUG] debug-file - Hvigor init with startParameters:{
  hvigorfileTypeCheck: false,
  parallelExecution: true,
  incrementalExecution: true,
  printStackTrace: false,
  daemon: true,
  analyze: 0,
  logLevel: Level { level: 20000, levelStr: 'INFO', colour: 'green' }
}
[2024-07-23T21:37:13.865] [DEBUG] debug-file - Cache service initialization finished in 1 ms 
[2024-07-23T21:37:13.870] [DEBUG] debug-file - hvigorfile, resolving /Users/zhuyn/Documents/DevEcoStudioProjects/harmonyApps/MyApplication2/Login/hvigorfile.ts
[2024-07-23T21:41:36.887] [DEBUG] debug-file - java daemon tryConnect failed Error: connect ECONNREFUSED ::1:45050
[2024-07-23T21:41:36.888] [DEBUG] debug-file - java daemon started at port 45050 pid 47846
[2024-07-23T21:41:36.675] [DEBUG] debug-file - env: nodejsVersion=v18.20.1
[2024-07-23T21:41:36.690] [DEBUG] debug-file - env: daemon=true
[2024-07-23T21:41:36.916] [DEBUG] debug-file - hvigor start cli arguments:{
  prop: [],
  sync: true,
  parallel: true,
  incremental: true,
  daemon: true,
  _: [ '--analyze=normal' ]
}
[2024-07-23T21:41:36.675] [DEBUG] debug-file - env: hvigor-config.json5 content = { modelVersion: '5.0.0', dependencies: {} }
[2024-07-23T21:41:36.928] [DEBUG] debug-file - session manager: set active socket. socketId=T9tHYZnRG0v7lQrJAAAB
[2024-07-23T21:41:37.150] [DEBUG] debug-file - Hvigor init with startParameters:{
  hvigorfileTypeCheck: false,
  parallelExecution: true,
  incrementalExecution: true,
  printStackTrace: false,
  daemon: true,
  analyze: 0,
  logLevel: Level { level: 20000, levelStr: 'INFO', colour: 'green' }
}
[2024-07-23T21:41:37.150] [DEBUG] debug-file - Cache service initialization finished in 1 ms 
[2024-07-23T21:41:37.154] [DEBUG] debug-file - hvigorfile, resolving /Users/zhuyn/Documents/DevEcoStudioProjects/harmonyApps/MyApplication2/Login/hvigorfile.ts
[2024-07-23T21:41:37.687] [DEBUG] debug-file - hvigorfile, require result:  {}
[2024-07-23T21:41:37.687] [DEBUG] debug-file - hvigorfile, binding system plugins {}
[2024-07-23T21:41:37.795] [DEBUG] debug-file - Start initialize project's product build option map with build mode debug.
[2024-07-23T21:41:37.795] [DEBUG] debug-file - Picking option from product 'default' with build mode 'debug'.
[2024-07-23T21:41:37.795] [DEBUG] debug-file - Product 'default' build option: {}
[2024-07-23T21:41:37.795] [DEBUG] debug-file - End initialize project's product build option map with build mode 'debug'.
[2024-07-23T21:41:37.796] [DEBUG] debug-file - Product 'default' using build option: {
  "debuggable": true
} in this build.
[2024-07-23T21:41:37.799] [DEBUG] debug-file - No signingConfig found, initRemoteHspCache failed.
[2024-07-23T21:41:37.803] [DEBUG] debug-file - Local scan or download HarmonyOS sdk components toolchains,ets,js,native
[2024-07-23T21:41:37.805] [DEBUG] debug-file - Local scan or download hmscore sdk components toolchains,ets,native
[2024-07-23T21:41:37.806] [DEBUG] debug-file - Sdk init in 5 ms 
[2024-07-23T21:41:37.812] [DEBUG] debug-file - Project task initialization takes 5 ms 
[2024-07-23T21:41:37.812] [DEBUG] debug-file - hvigorfile, resolve finished /Users/zhuyn/Documents/DevEcoStudioProjects/harmonyApps/MyApplication2/Login/hvigorfile.ts
[2024-07-23T21:41:37.813] [DEBUG] debug-file - hvigorfile, resolving /Users/zhuyn/Documents/DevEcoStudioProjects/harmonyApps/MyApplication2/Login/entry/hvigorfile.ts
[2024-07-23T21:41:37.818] [DEBUG] debug-file - hvigorfile, require result:  {}
[2024-07-23T21:41:37.818] [DEBUG] debug-file - hvigorfile, binding system plugins {}
[2024-07-23T21:41:37.822] [DEBUG] debug-file - Start initialize module-target build option map, moduleName=entry, buildMode=debug
[2024-07-23T21:41:37.822] [DEBUG] debug-file - Target 'default' config: {}
[2024-07-23T21:41:37.822] [DEBUG] debug-file - Target 'ohosTest' config: {}
[2024-07-23T21:41:37.822] [DEBUG] debug-file - Module 'entry' target 'default' build option: {
  "debuggable": true,
  "copyFrom": "default",
  "externalNativeOptions": {
    "path": "./src/main/cpp/CMakeLists.txt",
    "arguments": "",
    "cppFlags": ""
  }
}
[2024-07-23T21:41:37.822] [DEBUG] debug-file - Module 'entry' target 'ohosTest' build option: {
  "debuggable": true,
  "externalNativeOptions": {
    "path": "./src/main/cpp/CMakeLists.txt",
    "arguments": "",
    "cppFlags": ""
  }
}
[2024-07-23T21:41:37.822] [DEBUG] debug-file - End initialize module-target build option map, moduleName=entry
[2024-07-23T21:41:37.822] [DEBUG] debug-file - Module 'entry' target 'default' using build option: {
  "debuggable": true,
  "copyFrom": "default",
  "externalNativeOptions": {
    "path": "./src/main/cpp/CMakeLists.txt",
    "arguments": "",
    "cppFlags": ""
  }
} in this build.
[2024-07-23T21:41:37.825] [DEBUG] debug-file - Module entry task initialization takes 2 ms 
[2024-07-23T21:41:37.825] [DEBUG] debug-file - hvigorfile, resolve finished /Users/zhuyn/Documents/DevEcoStudioProjects/harmonyApps/MyApplication2/Login/entry/hvigorfile.ts
[2024-07-23T21:41:37.861] [DEBUG] debug-file - hvigorfile, resolve hvigorfile dependencies in 37 ms 
[2024-07-23T21:41:37.861] [DEBUG] debug-file - project has submodules:entry
[2024-07-23T21:41:37.862] [DEBUG] debug-file - start to load updatedOhPackageInfo to the disk
[2024-07-23T21:41:37.864] [DEBUG] debug-file - load to the disk finished
[2024-07-23T21:41:37.864] [DEBUG] debug-file - Module Login Collected Dependency: 
[2024-07-23T21:41:37.864] [DEBUG] debug-file - Module Login's total dependency: 0
[2024-07-23T21:41:37.865] [DEBUG] debug-file - Module entry Collected Dependency: 
[2024-07-23T21:41:37.866] [DEBUG] debug-file - Module entry's total dependency: 0
[2024-07-23T21:41:37.867] [DEBUG] debug-file - Configuration phase cost:715 ms 
[2024-07-23T21:41:37.868] [DEBUG] debug-file - Configuration task cost before running: 722 ms 
[2024-07-23T21:41:37.868] [DEBUG] debug-file - Executing task :entry:init
[2024-07-23T21:41:37.869] [DEBUG] debug-file - entry : init cost memory 0.01508331298828125
[2024-07-23T21:41:37.869] [DEBUG] debug-file - runTaskFromQueue task cost before running: 723 ms 
[2024-07-23T21:41:37.869] [INFO] debug-file - Finished :entry:init... after 1 ms 
[2024-07-23T21:41:37.869] [DEBUG] debug-file - Executing task ::init
[2024-07-23T21:41:37.869] [DEBUG] debug-file - Login : init cost memory 0.0147552490234375
[2024-07-23T21:41:37.869] [DEBUG] debug-file - runTaskFromQueue task cost before running: 723 ms 
[2024-07-23T21:41:37.869] [INFO] debug-file - Finished ::init... after 1 ms 
[2024-07-23T21:41:37.871] [DEBUG] debug-file - Module 'entry' target 'default' using build option: {
  "debuggable": true,
  "copyFrom": "default",
  "externalNativeOptions": {
    "path": "./src/main/cpp/CMakeLists.txt",
    "arguments": "",
    "cppFlags": ""
  }
} in this build.
[2024-07-23T21:41:37.872] [DEBUG] debug-file - Module 'entry' target 'ohosTest' using build option: {
  "debuggable": true,
  "externalNativeOptions": {
    "path": "./src/main/cpp/CMakeLists.txt",
    "arguments": "",
    "cppFlags": ""
  }
} in this build.
[2024-07-23T21:41:37.956] [DEBUG] debug-file - Hvigor init with startParameters:{
  hvigorfileTypeCheck: false,
  parallelExecution: true,
  incrementalExecution: true,
  printStackTrace: false,
  daemon: true,
  analyze: 0,
  logLevel: Level { level: 20000, levelStr: 'INFO', colour: 'green' }
}
[2024-07-23T21:41:37.956] [DEBUG] debug-file - Cache service initialization finished in 1 ms 
[2024-07-23T21:41:37.958] [DEBUG] debug-file - hvigorfile, resolving /Users/zhuyn/Documents/DevEcoStudioProjects/harmonyApps/MyApplication2/Login/hvigorfile.ts
[2024-07-23T21:41:37.961] [DEBUG] debug-file - hvigorfile, require result:  {}
[2024-07-23T21:41:37.961] [DEBUG] debug-file - hvigorfile, binding system plugins {}
[2024-07-23T21:41:37.964] [DEBUG] debug-file - Start initialize project's product build option map with build mode debug.
[2024-07-23T21:41:37.964] [DEBUG] debug-file - Picking option from product 'default' with build mode 'debug'.
[2024-07-23T21:41:37.964] [DEBUG] debug-file - Product 'default' build option: {}
[2024-07-23T21:41:37.964] [DEBUG] debug-file - End initialize project's product build option map with build mode 'debug'.
[2024-07-23T21:41:37.964] [DEBUG] debug-file - Product 'default' using build option: {
  "debuggable": true
} in this build.
[2024-07-23T21:41:37.965] [DEBUG] debug-file - No signingConfig found, initRemoteHspCache failed.
[2024-07-23T21:41:37.967] [DEBUG] debug-file - Sdk init in 3 ms 
[2024-07-23T21:41:37.972] [DEBUG] debug-file - Project task initialization takes 5 ms 
[2024-07-23T21:41:37.972] [DEBUG] debug-file - hvigorfile, resolve finished /Users/zhuyn/Documents/DevEcoStudioProjects/harmonyApps/MyApplication2/Login/hvigorfile.ts
[2024-07-23T21:41:37.974] [DEBUG] debug-file - hvigorfile, resolving /Users/zhuyn/Documents/DevEcoStudioProjects/harmonyApps/MyApplication2/Login/entry/hvigorfile.ts
[2024-07-23T21:41:37.980] [DEBUG] debug-file - hvigorfile, require result:  {}
[2024-07-23T21:41:37.980] [DEBUG] debug-file - hvigorfile, binding system plugins {}
[2024-07-23T21:41:37.982] [DEBUG] debug-file - Start initialize module-target build option map, moduleName=entry, buildMode=debug
[2024-07-23T21:41:37.982] [DEBUG] debug-file - Target 'default' config: {}
[2024-07-23T21:41:37.982] [DEBUG] debug-file - Target 'ohosTest' config: {}
[2024-07-23T21:41:37.982] [DEBUG] debug-file - Module 'entry' target 'default' build option: {
  "debuggable": true,
  "copyFrom": "default",
  "externalNativeOptions": {
    "path": "./src/main/cpp/CMakeLists.txt",
    "arguments": "",
    "cppFlags": ""
  }
}
[2024-07-23T21:41:37.982] [DEBUG] debug-file - Module 'entry' target 'ohosTest' build option: {
  "debuggable": true,
  "externalNativeOptions": {
    "path": "./src/main/cpp/CMakeLists.txt",
    "arguments": "",
    "cppFlags": ""
  }
}
[2024-07-23T21:41:37.982] [DEBUG] debug-file - End initialize module-target build option map, moduleName=entry
[2024-07-23T21:41:37.982] [DEBUG] debug-file - Module 'entry' target 'default' using build option: {
  "debuggable": true,
  "copyFrom": "default",
  "externalNativeOptions": {
    "path": "./src/main/cpp/CMakeLists.txt",
    "arguments": "",
    "cppFlags": ""
  }
} in this build.
[2024-07-23T21:41:37.983] [DEBUG] debug-file - Module entry task initialization takes 1 ms 
[2024-07-23T21:41:37.983] [DEBUG] debug-file - hvigorfile, resolve finished /Users/zhuyn/Documents/DevEcoStudioProjects/harmonyApps/MyApplication2/Login/entry/hvigorfile.ts
[2024-07-23T21:41:38.017] [DEBUG] debug-file - hvigorfile, resolve hvigorfile dependencies in 34 ms 
[2024-07-23T21:41:38.017] [DEBUG] debug-file - project has submodules:entry
[2024-07-23T21:41:38.017] [DEBUG] debug-file - start to load updatedOhPackageInfo to the disk
[2024-07-23T21:41:38.019] [DEBUG] debug-file - load to the disk finished
[2024-07-23T21:41:38.019] [DEBUG] debug-file - Module Login Collected Dependency: 
[2024-07-23T21:41:38.019] [DEBUG] debug-file - Module Login's total dependency: 0
[2024-07-23T21:41:38.019] [DEBUG] debug-file - Module entry Collected Dependency: 
[2024-07-23T21:41:38.019] [DEBUG] debug-file - Module entry's total dependency: 0
[2024-07-23T21:41:38.020] [DEBUG] debug-file - Configuration phase cost:64 ms 
[2024-07-23T21:41:38.021] [DEBUG] debug-file - Configuration task cost before running: 68 ms 
[2024-07-23T21:41:38.022] [DEBUG] debug-file - jsonObjWithoutParam {"@types/libentry.so":"file:./src/main/cpp/types/libentry"} at undefined
[2024-07-23T21:41:38.022] [DEBUG] debug-file - jsonObjWithoutParam {} at undefined
[2024-07-23T21:41:38.022] [DEBUG] debug-file - jsonObjWithoutParam {"license":"","devDependencies":{"@types/libentry.so":"file:./src/main/cpp/types/libentry"},"author":"","name":"entry","description":"Please describe the basic information.","main":"","version":"1.0.0","dependencies":{}} at undefined
[2024-07-23T21:41:38.023] [DEBUG] debug-file - Executing task :entry:default@PreBuild
[2024-07-23T21:41:38.087] [DEBUG] debug-file - current product is not Atomic service.
[2024-07-23T21:41:38.087] [DEBUG] debug-file - Use tool [darwin: JAVA_HOME, CLASSPATH]
 [
  {
    JAVA_HOME: '/Applications/DevEco-Studio.app/Contents/jbr/Contents/Home'
  },
  { CLASSPATH: undefined }
]
[2024-07-23T21:41:38.087] [DEBUG] debug-file - Use tool [darwin: NODE_HOME]
 [
  {
    NODE_HOME: '/Applications/DevEco-Studio.app/Contents/tools/node/bin'
  }
]
[2024-07-23T21:41:38.088] [DEBUG] debug-file - entry : default@PreBuild cost memory 16.204071044921875
[2024-07-23T21:41:38.088] [DEBUG] debug-file - runTaskFromQueue task cost before running: 135 ms 
[2024-07-23T21:41:38.088] [INFO] debug-file - Finished :entry:default@PreBuild... after 65 ms 
[2024-07-23T21:41:38.089] [DEBUG] debug-file - jsonObjWithoutParam {"@types/libentry.so":"file:./src/main/cpp/types/libentry"} at undefined
[2024-07-23T21:41:38.089] [DEBUG] debug-file - jsonObjWithoutParam {} at undefined
[2024-07-23T21:41:38.089] [DEBUG] debug-file - jsonObjWithoutParam {"license":"","devDependencies":{"@types/libentry.so":"file:./src/main/cpp/types/libentry"},"author":"","name":"entry","description":"Please describe the basic information.","main":"","version":"1.0.0","dependencies":{}} at undefined
[2024-07-23T21:41:38.089] [DEBUG] debug-file - Executing task :entry:default@MergeProfile
[2024-07-23T21:41:38.089] [DEBUG] debug-file - Change app api release type with 'Beta1'
[2024-07-23T21:41:38.089] [DEBUG] debug-file - Change app compile API version with '5.0.0.25'
[2024-07-23T21:41:38.090] [DEBUG] debug-file - Change app target API version with '50000012'
[2024-07-23T21:41:38.090] [DEBUG] debug-file - Change app minimum API version with '50000012'
[2024-07-23T21:41:38.090] [DEBUG] debug-file - Use cli appEnvironment
[2024-07-23T21:41:38.090] [DEBUG] debug-file - entry : default@MergeProfile cost memory 0.12276458740234375
[2024-07-23T21:41:38.090] [DEBUG] debug-file - runTaskFromQueue task cost before running: 138 ms 
[2024-07-23T21:41:38.091] [INFO] debug-file - Finished :entry:default@MergeProfile... after 2 ms 
[2024-07-23T21:41:38.091] [DEBUG] debug-file - jsonObjWithoutParam {"@types/libentry.so":"file:./src/main/cpp/types/libentry"} at undefined
[2024-07-23T21:41:38.091] [DEBUG] debug-file - jsonObjWithoutParam {} at undefined
[2024-07-23T21:41:38.091] [DEBUG] debug-file - jsonObjWithoutParam {"license":"","devDependencies":{"@types/libentry.so":"file:./src/main/cpp/types/libentry"},"author":"","name":"entry","description":"Please describe the basic information.","main":"","version":"1.0.0","dependencies":{}} at undefined
[2024-07-23T21:41:38.093] [DEBUG] debug-file - Executing task :entry:default@CreateBuildProfile
[2024-07-23T21:41:38.094] [DEBUG] debug-file - entry : default@CreateBuildProfile cost memory 0.0677642822265625
[2024-07-23T21:41:38.094] [DEBUG] debug-file - runTaskFromQueue task cost before running: 141 ms 
[2024-07-23T21:41:38.094] [INFO] debug-file - Finished :entry:default@CreateBuildProfile... after 2 ms 
[2024-07-23T21:41:38.095] [DEBUG] debug-file - jsonObjWithoutParam {"@types/libentry.so":"file:./src/main/cpp/types/libentry"} at undefined
[2024-07-23T21:41:38.095] [DEBUG] debug-file - jsonObjWithoutParam {} at undefined
[2024-07-23T21:41:38.095] [DEBUG] debug-file - jsonObjWithoutParam {"license":"","devDependencies":{"@types/libentry.so":"file:./src/main/cpp/types/libentry"},"author":"","name":"entry","description":"Please describe the basic information.","main":"","version":"1.0.0","dependencies":{}} at undefined
[2024-07-23T21:41:38.095] [DEBUG] debug-file - Executing task :entry:default@PreCheckSyscap
[2024-07-23T21:41:38.095] [DEBUG] debug-file - entry : default@PreCheckSyscap cost memory 0.01342010498046875
[2024-07-23T21:41:38.095] [DEBUG] debug-file - runTaskFromQueue task cost before running: 142 ms 
[2024-07-23T21:41:38.095] [INFO] debug-file - Finished :entry:default@PreCheckSyscap... after 1 ms 
[2024-07-23T21:41:38.096] [DEBUG] debug-file - jsonObjWithoutParam {"@types/libentry.so":"file:./src/main/cpp/types/libentry"} at undefined
[2024-07-23T21:41:38.096] [DEBUG] debug-file - jsonObjWithoutParam {} at undefined
[2024-07-23T21:41:38.096] [DEBUG] debug-file - jsonObjWithoutParam {"license":"","devDependencies":{"@types/libentry.so":"file:./src/main/cpp/types/libentry"},"author":"","name":"entry","description":"Please describe the basic information.","main":"","version":"1.0.0","dependencies":{}} at undefined
[2024-07-23T21:41:38.103] [DEBUG] debug-file - Executing task :entry:default@GeneratePkgContextInfo
[2024-07-23T21:41:38.103] [DEBUG] debug-file - entry : default@GeneratePkgContextInfo cost memory 0.021148681640625
[2024-07-23T21:41:38.103] [DEBUG] debug-file - runTaskFromQueue task cost before running: 150 ms 
[2024-07-23T21:41:38.103] [INFO] debug-file - Finished :entry:default@GeneratePkgContextInfo... after 1 ms 
[2024-07-23T21:41:38.104] [DEBUG] debug-file - jsonObjWithoutParam {"@types/libentry.so":"file:./src/main/cpp/types/libentry"} at undefined
[2024-07-23T21:41:38.104] [DEBUG] debug-file - jsonObjWithoutParam {} at undefined
[2024-07-23T21:41:38.104] [DEBUG] debug-file - jsonObjWithoutParam {"license":"","devDependencies":{"@types/libentry.so":"file:./src/main/cpp/types/libentry"},"author":"","name":"entry","description":"Please describe the basic information.","main":"","version":"1.0.0","dependencies":{}} at undefined
[2024-07-23T21:41:38.104] [DEBUG] debug-file - Executing task :entry:default@ProcessProfile
[2024-07-23T21:41:38.105] [DEBUG] debug-file - [
  '/Applications/DevEco-Studio.app/Contents/tools/node/bin/node',
  '/Applications/DevEco-Studio.app/Contents/sdk/HarmonyOS-NEXT-DB1/openharmony/ets/build-tools/ets-loader/bin/ark/ts2abc.js',
  '--target-api-version',
  '12'
]
[2024-07-23T21:41:38.220] [DEBUG] debug-file - 12.0.2.0
[2024-07-23T21:41:38.221] [DEBUG] debug-file - entry : default@ProcessProfile cost memory 0.18871307373046875
[2024-07-23T21:41:38.221] [DEBUG] debug-file - runTaskFromQueue task cost before running: 268 ms 
[2024-07-23T21:41:38.221] [INFO] debug-file - Finished :entry:default@ProcessProfile... after 117 ms 
[2024-07-23T21:41:38.222] [DEBUG] debug-file - jsonObjWithoutParam {"@types/libentry.so":"file:./src/main/cpp/types/libentry"} at undefined
[2024-07-23T21:41:38.222] [DEBUG] debug-file - jsonObjWithoutParam {} at undefined
[2024-07-23T21:41:38.222] [DEBUG] debug-file - jsonObjWithoutParam {"license":"","devDependencies":{"@types/libentry.so":"file:./src/main/cpp/types/libentry"},"author":"","name":"entry","description":"Please describe the basic information.","main":"","version":"1.0.0","dependencies":{}} at undefined
[2024-07-23T21:41:38.222] [DEBUG] debug-file - Executing task :entry:default@ProcessRouterMap
[2024-07-23T21:41:38.224] [DEBUG] debug-file - entry : default@ProcessRouterMap cost memory 0.13787841796875
[2024-07-23T21:41:38.224] [DEBUG] debug-file - runTaskFromQueue task cost before running: 271 ms 
[2024-07-23T21:41:38.224] [INFO] debug-file - Finished :entry:default@ProcessRouterMap... after 2 ms 
[2024-07-23T21:41:38.225] [DEBUG] debug-file - jsonObjWithoutParam {"@types/libentry.so":"file:./src/main/cpp/types/libentry"} at undefined
[2024-07-23T21:41:38.225] [DEBUG] debug-file - jsonObjWithoutParam {} at undefined
[2024-07-23T21:41:38.225] [DEBUG] debug-file - jsonObjWithoutParam {"license":"","devDependencies":{"@types/libentry.so":"file:./src/main/cpp/types/libentry"},"author":"","name":"entry","description":"Please describe the basic information.","main":"","version":"1.0.0","dependencies":{}} at undefined
[2024-07-23T21:41:38.225] [DEBUG] debug-file - restool module names: entry; moduleName=entry, taskName=default@PreviewProcessResource
[2024-07-23T21:41:38.226] [DEBUG] debug-file - Executing task :entry:default@PreviewProcessResource
[2024-07-23T21:41:38.226] [DEBUG] debug-file - entry : default@PreviewProcessResource cost memory 0.04132080078125
[2024-07-23T21:41:38.226] [DEBUG] debug-file - runTaskFromQueue task cost before running: 274 ms 
[2024-07-23T21:41:38.227] [INFO] debug-file - Finished :entry:default@PreviewProcessResource... after 1 ms 
[2024-07-23T21:41:38.227] [DEBUG] debug-file - jsonObjWithoutParam {"@types/libentry.so":"file:./src/main/cpp/types/libentry"} at undefined
[2024-07-23T21:41:38.227] [DEBUG] debug-file - jsonObjWithoutParam {} at undefined
[2024-07-23T21:41:38.227] [DEBUG] debug-file - jsonObjWithoutParam {"license":"","devDependencies":{"@types/libentry.so":"file:./src/main/cpp/types/libentry"},"author":"","name":"entry","description":"Please describe the basic information.","main":"","version":"1.0.0","dependencies":{}} at undefined
[2024-07-23T21:41:38.228] [DEBUG] debug-file - Executing task :entry:default@GenerateLoaderJson
[2024-07-23T21:41:38.231] [DEBUG] debug-file - entry : default@GenerateLoaderJson cost memory 0.39640045166015625
[2024-07-23T21:41:38.232] [DEBUG] debug-file - runTaskFromQueue task cost before running: 279 ms 
[2024-07-23T21:41:38.233] [INFO] debug-file - Finished :entry:default@GenerateLoaderJson... after 4 ms 
[2024-07-23T21:41:38.233] [DEBUG] debug-file - jsonObjWithoutParam {"@types/libentry.so":"file:./src/main/cpp/types/libentry"} at undefined
[2024-07-23T21:41:38.233] [DEBUG] debug-file - jsonObjWithoutParam {} at undefined
[2024-07-23T21:41:38.233] [DEBUG] debug-file - jsonObjWithoutParam {"license":"","devDependencies":{"@types/libentry.so":"file:./src/main/cpp/types/libentry"},"author":"","name":"entry","description":"Please describe the basic information.","main":"","version":"1.0.0","dependencies":{}} at undefined
[2024-07-23T21:41:38.233] [DEBUG] debug-file - restool module names: entry; moduleName=entry, taskName=default@PreviewCompileResource
[2024-07-23T21:41:38.234] [DEBUG] debug-file - Executing task :entry:default@PreviewCompileResource
[2024-07-23T21:41:38.249] [DEBUG] debug-file - Use tool [/Applications/DevEco-Studio.app/Contents/sdk/HarmonyOS-NEXT-DB1/openharmony/toolchains/restool]
 [
  '/Applications/DevEco-Studio.app/Contents/sdk/HarmonyOS-NEXT-DB1/openharmony/toolchains/restool',
  '-x',
  '/Users/zhuyn/Documents/DevEcoStudioProjects/harmonyApps/MyApplication2/Login/AppScope/resources',
  '-o',
  '/Users/zhuyn/Documents/DevEcoStudioProjects/harmonyApps/MyApplication2/Login/entry/.preview/default/intermediates/res/default/app_compiled'
]
[2024-07-23T21:41:38.250] [DEBUG] debug-file - current process  memoryUsage: {
  rss: 240451584,
  heapTotal: 150224896,
  heapUsed: 116235752,
  external: 1469679,
  arrayBuffers: 84595
} os memoryUsage :15.847366333007812
[2024-07-23T21:41:38.292] [DEBUG] debug-file - Info: restool resources compile success.

[2024-07-23T21:41:38.293] [DEBUG] debug-file - Use tool [/Applications/DevEco-Studio.app/Contents/sdk/HarmonyOS-NEXT-DB1/openharmony/toolchains/restool]
 [
  '/Applications/DevEco-Studio.app/Contents/sdk/HarmonyOS-NEXT-DB1/openharmony/toolchains/restool',
  '-x',
  '/Users/zhuyn/Documents/DevEcoStudioProjects/harmonyApps/MyApplication2/Login/entry/src/main/resources',
  '-o',
  '/Users/zhuyn/Documents/DevEcoStudioProjects/harmonyApps/MyApplication2/Login/entry/.preview/default/intermediates/res/default/module_compiled'
]
[2024-07-23T21:41:38.293] [DEBUG] debug-file - current process  memoryUsage: {
  rss: 241057792,
  heapTotal: 150224896,
  heapUsed: 116470784,
  external: 1394441,
  arrayBuffers: 84643
} os memoryUsage :15.851715087890625
[2024-07-23T21:41:38.308] [DEBUG] debug-file - Info: restool resources compile success.

[2024-07-23T21:41:38.309] [DEBUG] debug-file - Use tool [/Applications/DevEco-Studio.app/Contents/sdk/HarmonyOS-NEXT-DB1/openharmony/toolchains/restool]
 [
  '/Applications/DevEco-Studio.app/Contents/sdk/HarmonyOS-NEXT-DB1/openharmony/toolchains/restool',
  '-m',
  'entry',
  '-f',
  '-j',
  '/Users/zhuyn/Documents/DevEcoStudioProjects/harmonyApps/MyApplication2/Login/entry/.preview/default/intermediates/process_profile/default/module.json',
  '-p',
  'com.huawei.logindemo',
  '-r',
  '/Users/zhuyn/Documents/DevEcoStudioProjects/harmonyApps/MyApplication2/Login/entry/.preview/default/generated/r/default/ResourceTable.h',
  '-z',
  '--ids',
  '/Users/zhuyn/Documents/DevEcoStudioProjects/harmonyApps/MyApplication2/Login/entry/.preview/default/intermediates/res/default/ids_map',
  '-i',
  '/Users/zhuyn/Documents/DevEcoStudioProjects/harmonyApps/MyApplication2/Login/entry/.preview/default/intermediates/res/default/app_compiled',
  '-i',
  '/Users/zhuyn/Documents/DevEcoStudioProjects/harmonyApps/MyApplication2/Login/entry/.preview/default/intermediates/res/default/module_compiled',
  '-o',
  '/Users/zhuyn/Documents/DevEcoStudioProjects/harmonyApps/MyApplication2/Login/entry/.preview/default/intermediates/res/default'
]
[2024-07-23T21:41:38.310] [DEBUG] debug-file - current process  memoryUsage: {
  rss: 241090560,
  heapTotal: 150224896,
  heapUsed: 116791264,
  external: 1394489,
  arrayBuffers: 84691
} os memoryUsage :15.85150146484375
[2024-07-23T21:41:38.347] [DEBUG] debug-file - Info: restool resources compile success.

[2024-07-23T21:41:38.349] [DEBUG] debug-file - entry : default@PreviewCompileResource cost memory -1.0288162231445312
[2024-07-23T21:41:38.349] [DEBUG] debug-file - runTaskFromQueue task cost before running: 396 ms 
[2024-07-23T21:41:38.349] [INFO] debug-file - Finished :entry:default@PreviewCompileResource... after 115 ms 
[2024-07-23T21:41:38.350] [DEBUG] debug-file - jsonObjWithoutParam {"@types/libentry.so":"file:./src/main/cpp/types/libentry"} at undefined
[2024-07-23T21:41:38.350] [DEBUG] debug-file - jsonObjWithoutParam {} at undefined
[2024-07-23T21:41:38.350] [DEBUG] debug-file - jsonObjWithoutParam {"license":"","devDependencies":{"@types/libentry.so":"file:./src/main/cpp/types/libentry"},"author":"","name":"entry","description":"Please describe the basic information.","main":"","version":"1.0.0","dependencies":{}} at undefined
[2024-07-23T21:41:38.350] [DEBUG] debug-file - Executing task :entry:default@PreviewHookCompileResource
[2024-07-23T21:41:38.350] [DEBUG] debug-file - entry : default@PreviewHookCompileResource cost memory 0.0149078369140625
[2024-07-23T21:41:38.350] [DEBUG] debug-file - runTaskFromQueue task cost before running: 397 ms 
[2024-07-23T21:41:38.350] [INFO] debug-file - Finished :entry:default@PreviewHookCompileResource... after 1 ms 
[2024-07-23T21:41:38.351] [DEBUG] debug-file - jsonObjWithoutParam {"@types/libentry.so":"file:./src/main/cpp/types/libentry"} at undefined
[2024-07-23T21:41:38.351] [DEBUG] debug-file - jsonObjWithoutParam {} at undefined
[2024-07-23T21:41:38.351] [DEBUG] debug-file - jsonObjWithoutParam {"license":"","devDependencies":{"@types/libentry.so":"file:./src/main/cpp/types/libentry"},"author":"","name":"entry","description":"Please describe the basic information.","main":"","version":"1.0.0","dependencies":{}} at undefined
[2024-07-23T21:41:38.351] [DEBUG] debug-file - Executing task :entry:default@CopyPreviewProfile
[2024-07-23T21:41:38.353] [DEBUG] debug-file - entry : default@CopyPreviewProfile cost memory 0.11466217041015625
[2024-07-23T21:41:38.353] [DEBUG] debug-file - runTaskFromQueue task cost before running: 400 ms 
[2024-07-23T21:41:38.353] [INFO] debug-file - Finished :entry:default@CopyPreviewProfile... after 2 ms 
[2024-07-23T21:41:38.353] [DEBUG] debug-file - jsonObjWithoutParam {"@types/libentry.so":"file:./src/main/cpp/types/libentry"} at undefined
[2024-07-23T21:41:38.353] [DEBUG] debug-file - jsonObjWithoutParam {} at undefined
[2024-07-23T21:41:38.353] [DEBUG] debug-file - jsonObjWithoutParam {"license":"","devDependencies":{"@types/libentry.so":"file:./src/main/cpp/types/libentry"},"author":"","name":"entry","description":"Please describe the basic information.","main":"","version":"1.0.0","dependencies":{}} at undefined
[2024-07-23T21:41:38.354] [DEBUG] debug-file - Executing task :entry:default@ReplacePreviewerPage
[2024-07-23T21:41:38.354] [DEBUG] debug-file - entry : default@ReplacePreviewerPage cost memory 0.01493072509765625
[2024-07-23T21:41:38.354] [DEBUG] debug-file - runTaskFromQueue task cost before running: 401 ms 
[2024-07-23T21:41:38.354] [INFO] debug-file - Finished :entry:default@ReplacePreviewerPage... after 1 ms 
[2024-07-23T21:41:38.354] [DEBUG] debug-file - Executing task :entry:buildPreviewerResource
[2024-07-23T21:41:38.354] [DEBUG] debug-file - entry : buildPreviewerResource cost memory 0.01190948486328125
[2024-07-23T21:41:38.354] [DEBUG] debug-file - runTaskFromQueue task cost before running: 402 ms 
[2024-07-23T21:41:38.354] [INFO] debug-file - Finished :entry:buildPreviewerResource... after 1 ms 
[2024-07-23T21:41:38.355] [DEBUG] debug-file - jsonObjWithoutParam {"@types/libentry.so":"file:./src/main/cpp/types/libentry"} at undefined
[2024-07-23T21:41:38.355] [DEBUG] debug-file - jsonObjWithoutParam {} at undefined
[2024-07-23T21:41:38.355] [DEBUG] debug-file - jsonObjWithoutParam {"license":"","devDependencies":{"@types/libentry.so":"file:./src/main/cpp/types/libentry"},"author":"","name":"entry","description":"Please describe the basic information.","main":"","version":"1.0.0","dependencies":{}} at undefined
[2024-07-23T21:41:38.355] [DEBUG] debug-file - Executing task :entry:default@PreviewUpdateAssets
[2024-07-23T21:41:38.356] [DEBUG] debug-file - entry : default@PreviewUpdateAssets cost memory 0.056793212890625
[2024-07-23T21:41:38.356] [DEBUG] debug-file - runTaskFromQueue task cost before running: 403 ms 
[2024-07-23T21:41:38.356] [INFO] debug-file - Finished :entry:default@PreviewUpdateAssets... after 1 ms 
[2024-07-23T21:41:38.357] [DEBUG] debug-file - jsonObjWithoutParam {"@types/libentry.so":"file:./src/main/cpp/types/libentry"} at undefined
[2024-07-23T21:41:38.357] [DEBUG] debug-file - jsonObjWithoutParam {} at undefined
[2024-07-23T21:41:38.357] [DEBUG] debug-file - jsonObjWithoutParam {"license":"","devDependencies":{"@types/libentry.so":"file:./src/main/cpp/types/libentry"},"author":"","name":"entry","description":"Please describe the basic information.","main":"","version":"1.0.0","dependencies":{}} at undefined
[2024-07-23T21:41:38.357] [DEBUG] debug-file - Executing task :entry:default@PreviewArkTS
[2024-07-23T21:41:38.365] [DEBUG] debug-file - session manager: binding session. socketId=ixWSNFrR8kxlES_UAAAD, threadId=1@1.
[2024-07-23T21:41:38.365] [DEBUG] debug-file - entry : default@PreviewArkTS cost memory 1.003143310546875
[2024-07-23T21:41:40.083] [DEBUG] debug-file - session manager: watch message received from worker 1. Type: WatchStart
[2024-07-23T21:41:43.090] [DEBUG] debug-file - session manager: watch message received from worker 1. Type: WatchLog
[2024-07-23T21:41:43.090] [DEBUG] debug-file - session manager: watch message received from worker 1. Type: WatchLog
[2024-07-23T21:41:43.127] [DEBUG] debug-file - session manager: watch message received from worker 1. Type: WatchLog
[2024-07-23T21:41:44.216] [DEBUG] debug-file - session manager: watch message received from worker 1. Type: WatchResult
[2024-07-23T21:41:44.216] [DEBUG] debug-file - Ark compile finished.
[2024-07-23T21:41:44.218] [INFO] debug-file - Finished :entry:default@PreviewArkTS... after 5 s 860 ms 
[2024-07-23T21:41:44.218] [DEBUG] debug-file - Executing task :entry:PreviewBuild
[2024-07-23T21:41:44.218] [DEBUG] debug-file - entry : PreviewBuild cost memory 0.0114593505859375
[2024-07-23T21:41:44.218] [DEBUG] debug-file - runTaskFromQueue task cost before running: 6 s 265 ms 
[2024-07-23T21:41:44.218] [INFO] debug-file - Finished :entry:PreviewBuild... after 1 ms 
[2024-07-23T21:41:44.219] [DEBUG] debug-file - Update task entry:default@PreBuild input file:/Users/zhuyn/Documents/DevEcoStudioProjects/harmonyApps/MyApplication2/Login/AppScope/app.json5 cache by regenerate.
[2024-07-23T21:41:44.219] [DEBUG] debug-file - Update task entry:default@PreBuild input file:/Users/zhuyn/Documents/DevEcoStudioProjects/harmonyApps/MyApplication2/Login/entry/src/main/module.json5 cache by regenerate.
[2024-07-23T21:41:44.219] [DEBUG] debug-file - Update task entry:default@PreBuild input file:/Users/zhuyn/Documents/DevEcoStudioProjects/harmonyApps/MyApplication2/Login/build-profile.json5 cache by regenerate.
[2024-07-23T21:41:44.219] [DEBUG] debug-file - Update task entry:default@PreBuild input file:/Users/zhuyn/Documents/DevEcoStudioProjects/harmonyApps/MyApplication2/Login/entry/build-profile.json5 cache by regenerate.
[2024-07-23T21:41:44.219] [DEBUG] debug-file - Update task entry:default@PreBuild input file:/Users/zhuyn/Documents/DevEcoStudioProjects/harmonyApps/MyApplication2/Login/entry/src/main/resources/base/profile/main_pages.json cache by regenerate.
[2024-07-23T21:41:44.219] [DEBUG] debug-file - Update task entry:default@PreBuild input file:/Users/zhuyn/Documents/DevEcoStudioProjects/harmonyApps/MyApplication2/Login/hvigor/hvigor-config.json5 cache by regenerate.
[2024-07-23T21:41:44.219] [DEBUG] debug-file - Update task entry:default@PreBuild input file:/Users/zhuyn/Documents/DevEcoStudioProjects/harmonyApps/MyApplication2/Login/entry/oh-package.json5 cache by regenerate.
[2024-07-23T21:41:44.220] [DEBUG] debug-file - Incremental task entry:default@PreBuild post-execution cost:1 ms .
[2024-07-23T21:41:44.220] [DEBUG] debug-file - Update task entry:default@MergeProfile input file:/Users/zhuyn/Documents/DevEcoStudioProjects/harmonyApps/MyApplication2/Login/AppScope/app.json5 cache by regenerate.
[2024-07-23T21:41:44.220] [DEBUG] debug-file - Update task entry:default@MergeProfile input file:/Users/zhuyn/Documents/DevEcoStudioProjects/harmonyApps/MyApplication2/Login/build-profile.json5 cache by regenerate.
[2024-07-23T21:41:44.220] [DEBUG] debug-file - Update task entry:default@MergeProfile input file:/Users/zhuyn/Documents/DevEcoStudioProjects/harmonyApps/MyApplication2/Login/entry/src/main/module.json5 cache by regenerate.
[2024-07-23T21:41:44.220] [DEBUG] debug-file - Update task entry:default@MergeProfile output file:/Users/zhuyn/Documents/DevEcoStudioProjects/harmonyApps/MyApplication2/Login/entry/.preview/default/intermediates/merge_profile/default/module.json cache.
[2024-07-23T21:41:44.220] [DEBUG] debug-file - Incremental task entry:default@MergeProfile post-execution cost:1 ms .
[2024-07-23T21:41:44.220] [DEBUG] debug-file - Update task entry:default@CreateBuildProfile input file:/Users/zhuyn/Documents/DevEcoStudioProjects/harmonyApps/MyApplication2/Login/AppScope/app.json5 cache by regenerate.
[2024-07-23T21:41:44.220] [DEBUG] debug-file - Update task entry:default@CreateBuildProfile input file:/Users/zhuyn/Documents/DevEcoStudioProjects/harmonyApps/MyApplication2/Login/build-profile.json5 cache by regenerate.
[2024-07-23T21:41:44.220] [DEBUG] debug-file - Update task entry:default@CreateBuildProfile output file:/Users/zhuyn/Documents/DevEcoStudioProjects/harmonyApps/MyApplication2/Login/entry/.preview/default/generated/profile/default/BuildProfile.ets cache.
[2024-07-23T21:41:44.221] [DEBUG] debug-file - Incremental task entry:default@CreateBuildProfile post-execution cost:1 ms .
[2024-07-23T21:41:44.221] [DEBUG] debug-file - Update task entry:default@GeneratePkgContextInfo output file:/Users/zhuyn/Documents/DevEcoStudioProjects/harmonyApps/MyApplication2/Login/entry/.preview/default/intermediates/loader/default/pkgContextInfo.json cache.
[2024-07-23T21:41:44.221] [DEBUG] debug-file - Incremental task entry:default@GeneratePkgContextInfo post-execution cost:1 ms .
[2024-07-23T21:41:44.221] [DEBUG] debug-file - Update task entry:default@ProcessProfile input file:/Users/zhuyn/Documents/DevEcoStudioProjects/harmonyApps/MyApplication2/Login/entry/.preview/default/intermediates/merge_profile/default/module.json cache by regenerate.
[2024-07-23T21:41:44.221] [DEBUG] debug-file - Update task entry:default@ProcessProfile output file:/Users/zhuyn/Documents/DevEcoStudioProjects/harmonyApps/MyApplication2/Login/entry/.preview/default/intermediates/process_profile/default/module.json cache.
[2024-07-23T21:41:44.221] [DEBUG] debug-file - Incremental task entry:default@ProcessProfile post-execution cost:1 ms .
[2024-07-23T21:41:44.221] [DEBUG] debug-file - Update task entry:default@ProcessRouterMap input file:/Users/zhuyn/Documents/DevEcoStudioProjects/harmonyApps/MyApplication2/Login/entry/oh-package.json5 cache by regenerate.
[2024-07-23T21:41:44.221] [DEBUG] debug-file - Update task entry:default@ProcessRouterMap input file:/Users/zhuyn/Documents/DevEcoStudioProjects/harmonyApps/MyApplication2/Login/oh-package.json5 cache by regenerate.
[2024-07-23T21:41:44.221] [DEBUG] debug-file - Update task entry:default@ProcessRouterMap input file:/Users/zhuyn/Documents/DevEcoStudioProjects/harmonyApps/MyApplication2/Login/entry/src/main/module.json5 cache by regenerate.
[2024-07-23T21:41:44.222] [DEBUG] debug-file - Update task entry:default@ProcessRouterMap output file:/Users/zhuyn/Documents/DevEcoStudioProjects/harmonyApps/MyApplication2/Login/entry/.preview/default/intermediates/router_map/default/intermediates_temp_routerMap.json cache.
[2024-07-23T21:41:44.222] [DEBUG] debug-file - Update task entry:default@ProcessRouterMap output file:/Users/zhuyn/Documents/DevEcoStudioProjects/harmonyApps/MyApplication2/Login/entry/.preview/default/intermediates/router_map/default/intermediate_routerMap_for_loader.json cache.
[2024-07-23T21:41:44.222] [DEBUG] debug-file - Incremental task entry:default@ProcessRouterMap post-execution cost:1 ms .
[2024-07-23T21:41:44.222] [DEBUG] debug-file - Update task entry:default@GenerateLoaderJson input file:/Users/zhuyn/Documents/DevEcoStudioProjects/harmonyApps/MyApplication2/Login/entry/.preview/default/intermediates/router_map/default/intermediates_temp_routerMap.json cache by regenerate.
[2024-07-23T21:41:44.222] [DEBUG] debug-file - Update task entry:default@GenerateLoaderJson output file:/Users/zhuyn/Documents/DevEcoStudioProjects/harmonyApps/MyApplication2/Login/entry/.preview/default/intermediates/loader/default/loader.json cache.
[2024-07-23T21:41:44.222] [DEBUG] debug-file - Incremental task entry:default@GenerateLoaderJson post-execution cost:1 ms .
[2024-07-23T21:41:44.223] [DEBUG] debug-file - Update task entry:default@PreviewCompileResource input file:/Users/zhuyn/Documents/DevEcoStudioProjects/harmonyApps/MyApplication2/Login/entry/src/main/resources cache by regenerate.
[2024-07-23T21:41:44.224] [DEBUG] debug-file - Update task entry:default@PreviewCompileResource input file:/Users/zhuyn/Documents/DevEcoStudioProjects/harmonyApps/MyApplication2/Login/entry/.preview/default/intermediates/merge_profile/default/module.json cache by regenerate.
[2024-07-23T21:41:44.224] [DEBUG] debug-file - Update task entry:default@PreviewCompileResource output file:/Users/zhuyn/Documents/DevEcoStudioProjects/harmonyApps/MyApplication2/Login/entry/.preview/default/intermediates/res/default cache.
[2024-07-23T21:41:44.225] [DEBUG] debug-file - Update task entry:default@PreviewCompileResource output file:/Users/zhuyn/Documents/DevEcoStudioProjects/harmonyApps/MyApplication2/Login/entry/.preview/default/generated/r/default cache.
[2024-07-23T21:41:44.225] [DEBUG] debug-file - Incremental task entry:default@PreviewCompileResource post-execution cost:3 ms .
[2024-07-23T21:41:44.225] [DEBUG] debug-file - Update task entry:default@CopyPreviewProfile input file:/Users/zhuyn/Documents/DevEcoStudioProjects/harmonyApps/MyApplication2/Login/entry/src/main/resources/base/profile cache by regenerate.
[2024-07-23T21:41:44.225] [DEBUG] debug-file - Update task entry:default@CopyPreviewProfile output file:/Users/zhuyn/Documents/DevEcoStudioProjects/harmonyApps/MyApplication2/Login/entry/.preview/default/intermediates/res/default/resources/base/profile cache.
[2024-07-23T21:41:44.226] [DEBUG] debug-file - Incremental task entry:default@CopyPreviewProfile post-execution cost:1 ms .
[2024-07-23T21:41:44.226] [DEBUG] debug-file - Update task entry:default@PreviewUpdateAssets output file:/Users/zhuyn/Documents/DevEcoStudioProjects/harmonyApps/MyApplication2/Login/entry/.preview/default/intermediates/res/default/module.json cache.
[2024-07-23T21:41:44.226] [DEBUG] debug-file - Update task entry:default@PreviewUpdateAssets output file:/Users/zhuyn/Documents/DevEcoStudioProjects/harmonyApps/MyApplication2/Login/entry/.preview/default/intermediates/res/default/resources/base/profile/main_pages.json cache.
[2024-07-23T21:41:44.226] [DEBUG] debug-file - Incremental task entry:default@PreviewUpdateAssets post-execution cost:1 ms .
[2024-07-23T21:41:44.226] [DEBUG] debug-file - Update task entry:default@PreviewArkTS input file:/Users/zhuyn/Documents/DevEcoStudioProjects/harmonyApps/MyApplication2/Login/entry/.preview/default/intermediates/loader/default cache by regenerate.
[2024-07-23T21:41:44.226] [DEBUG] debug-file - Update task entry:default@PreviewArkTS input file:/Users/zhuyn/Documents/DevEcoStudioProjects/harmonyApps/MyApplication2/Login/entry/.preview/default/intermediates/res/default/ResourceTable.txt cache by regenerate.
[2024-07-23T21:41:44.226] [DEBUG] debug-file - Update task entry:default@PreviewArkTS input file:/Users/zhuyn/Documents/DevEcoStudioProjects/harmonyApps/MyApplication2/Login/entry/.preview/default/intermediates/res/default/module.json cache by regenerate.
[2024-07-23T21:41:44.226] [DEBUG] debug-file - Update task entry:default@PreviewArkTS input file:/Users/zhuyn/Documents/DevEcoStudioProjects/harmonyApps/MyApplication2/Login/entry/.preview/default/intermediates/res/default/resources/base/profile cache by regenerate.
[2024-07-23T21:41:44.226] [DEBUG] debug-file - Update task entry:default@PreviewArkTS input file:/Users/zhuyn/Documents/DevEcoStudioProjects/harmonyApps/MyApplication2/Login/entry/src/main/ets cache by regenerate.
[2024-07-23T21:41:44.227] [DEBUG] debug-file - Update task entry:default@PreviewArkTS input file:/Users/zhuyn/Documents/DevEcoStudioProjects/harmonyApps/MyApplication2/Login/entry/.preview/default/generated/profile/default/BuildProfile.ets cache by regenerate.
[2024-07-23T21:41:44.227] [DEBUG] debug-file - Update task entry:default@PreviewArkTS input file:/Users/zhuyn/Documents/DevEcoStudioProjects/harmonyApps/MyApplication2/Login/entry/src/main/cpp/types cache by regenerate.
[2024-07-23T21:41:44.227] [DEBUG] debug-file - Update task entry:default@PreviewArkTS output file:/Users/zhuyn/Documents/DevEcoStudioProjects/harmonyApps/MyApplication2/Login/entry/.preview/default/intermediates/loader_out/default/ets cache.
[2024-07-23T21:41:44.228] [DEBUG] debug-file - Incremental task entry:default@PreviewArkTS post-execution cost:2 ms .
